mktextfm pplr7t
mktextfm pplr7t
mktextfm pplr7t
mktextfm zplmr7m
mktextfm zplmr7m
mktextfm zplmr7m
mktextfm zplmr7y
mktextfm zplmr7y
mktextfm zplmr7y
mktextfm zplmr7v
mktextfm zplmr7v
mktextfm zplmr7v
mktextfm rsfs10
mktextfm rsfs10
mktextfm nullfont
mktextfm rsfs5
mktextfm zplmr7t
mktextfm zplmr7t
mktextfm zplmr7t
mktextfm pplr7t
mktextfm pplr7t
mktextfm pplr7t
mktextfm zplmr7m
mktextfm zplmr7m
mktextfm zplmr7m
mktextfm zplmr7y
mktextfm zplmr7y
mktextfm zplmr7y
mktextfm zplmr7v
mktextfm zplmr7v
mktextfm zplmr7v
mktextfm rsfs10
mktextfm rsfs10
mktextfm nullfont
mktextfm rsfs5
mktextfm zplmr7t
mktextfm zplmr7t
mktextfm zplmr7t
